2015-1-29 12:11:32 org.apache.catalina.core.AprLifecycleListener init
信息: The APR based Apache Tomcat Native library which allows optimal performance in production environments was not found on the java.library.path: C:\Program Files\Java\jdk1.6.0_30\bin;C:\Windows\Sun\Java\bin;C:\Windows\system32;C:\Windows;C:\oracle_db\product\11.2.0\dbhome_1\bin;C:\Program Files (x86)\Common Files\NetSarang;C:\Windows\system32;C:\Windows;C:\Windows\System32\Wbem;C:\Windows\System32\WindowsPowerShell\v1.0\;C:\Program Files (x86)\Intel\OpenCL SDK\2.0\bin\x86;C:\Program Files (x86)\Intel\OpenCL SDK\2.0\bin\x64;C:\Program Files (x86)\Rational\common;C:\Program Files\Java\jdk1.6.0_30\bin;C:\Program Files (x86)\Common Files\Thunder Network\KanKan\Codecs;;C:\Program Files (x86)\MySQL\MySQL Server 5.5\bin;C:\Program Files\MySQL\MySQL Server 5.5\bin;E:\software\install\mysql\bin;C:\Program Files (x86)\SSH Communications Security\SSH Secure Shell;.
2015-1-29 12:11:33 org.apache.coyote.http11.Http11Protocol init
信息: Initializing Coyote HTTP/1.1 on http-8080
2015-1-29 12:11:33 org.apache.catalina.startup.Catalina load
信息: Initialization processed in 1267 ms
2015-1-29 12:11:33 org.apache.catalina.core.StandardService start
信息: Starting service Catalina
2015-1-29 12:11:33 org.apache.catalina.core.StandardEngine start
信息: Starting Servlet Engine: Apache Tomcat/6.0.39
2015-1-29 12:11:33 org.apache.catalina.startup.HostConfig deployDirectory
信息: Deploying web application directory docs
2015-1-29 12:11:33 org.apache.catalina.startup.HostConfig deployDirectory
信息: Deploying web application directory examples
2015-1-29 12:11:34 org.apache.catalina.startup.HostConfig deployDirectory
信息: Deploying web application directory host-manager
2015-1-29 12:11:34 org.apache.catalina.startup.HostConfig deployDirectory
信息: Deploying web application directory manager
2015-1-29 12:11:34 org.apache.catalina.startup.HostConfig deployDirectory
信息: Deploying web application directory ROOT
2015-1-29 12:11:34 org.apache.coyote.http11.Http11Protocol start
信息: Starting Coyote HTTP/1.1 on http-8080
2015-1-29 12:11:34 org.apache.jk.common.ChannelSocket init
信息: JK: ajp13 listening on /0.0.0.0:8009
2015-1-29 12:11:34 org.apache.jk.server.JkMain start
信息: Jk running ID=0 time=0/32  config=null
2015-1-29 12:11:34 org.apache.catalina.startup.Catalina start
信息: Server startup in 1579 ms
