十二月 19, 2016 2:03:30 下午 org.apache.catalina.core.AprLifecycleListener init
INFO: The APR based Apache Tomcat Native library which allows optimal performance in production environments was not found on the java.library.path: D:\Software\EncodingSoftware\develop\jdk1.7.0_17\bin;C:\Windows\Sun\Java\bin;C:\Windows\system32;C:\Windows;D:\oracle\product\11.2.0\dbhome_1\bin;D:\Software\EncodingSoftware\develop\jdk1.7.0_17\bin;C:\Program Files (x86)\Intel\iCLS Client\;C:\Program Files\Intel\iCLS Client\;C:\Windows\system32;C:\Windows;C:\Windows\System32\Wbem;C:\Windows\System32\WindowsPowerShell\v1.0\;C:\Program Files (x86)\ATI Technologies\ATI.ACE\Core-Static;C:\Program Files\Intel\Intel(R) Management Engine Components\DAL;C:\Program Files\Intel\Intel(R) Management Engine Components\IPT;C:\Program Files (x86)\Intel\Intel(R) Management Engine Components\DAL;C:\Program Files (x86)\Intel\Intel(R) Management Engine Components\IPT;C:\Program Files (x86)\MySQL\MySQL Server 5.5\bin;C:\Program Files (x86)\Windows Kits\8.1\Windows Performance Toolkit\;C:\Program Files\Microsoft SQL Server\110\Tools\Binn\;C:\Program Files (x86)\Microsoft SDKs\TypeScript\1.0\;C:\Program Files\Microsoft SQL Server\120\Tools\Binn\;C:\Program Files\Microsoft SQL Server\110\DTS\Binn\;C:\Program Files (x86)\Microsoft SQL Server\110\Tools\Binn\;C:\Program Files (x86)\Microsoft SQL Server\110\Tools\Binn\ManagementStudio\;C:\Program Files (x86)\Microsoft Visual Studio 10.0\Common7\IDE\PrivateAssemblies\;C:\Program Files (x86)\Microsoft SQL Server\110\DTS\Binn\;.
十二月 19, 2016 2:03:30 下午 org.apache.coyote.http11.Http11Protocol init
INFO: Initializing Coyote HTTP/1.1 on http-8080
十二月 19, 2016 2:03:30 下午 org.apache.catalina.startup.Catalina load
INFO: Initialization processed in 485 ms
十二月 19, 2016 2:03:30 下午 org.apache.catalina.core.StandardService start
INFO: Starting service Catalina
十二月 19, 2016 2:03:30 下午 org.apache.catalina.core.StandardEngine start
INFO: Starting Servlet Engine: Apache Tomcat/6.0.39
十二月 19, 2016 2:03:30 下午 org.apache.catalina.startup.HostConfig deployDescriptor
INFO: Deploying configuration descriptor host-manager.xml
十二月 19, 2016 2:03:30 下午 org.apache.catalina.startup.HostConfig deployDescriptor
INFO: Deploying configuration descriptor manager.xml
十二月 19, 2016 2:03:30 下午 org.apache.catalina.startup.HostConfig deployDirectory
INFO: Deploying web application directory docs
十二月 19, 2016 2:03:30 下午 org.apache.catalina.startup.HostConfig deployDirectory
INFO: Deploying web application directory examples
十二月 19, 2016 2:03:30 下午 org.apache.catalina.startup.HostConfig deployDirectory
INFO: Deploying web application directory myapp
十二月 19, 2016 2:03:30 下午 org.apache.catalina.startup.HostConfig deployDirectory
INFO: Deploying web application directory ROOT
十二月 19, 2016 2:03:31 下午 org.apache.coyote.http11.Http11Protocol start
INFO: Starting Coyote HTTP/1.1 on http-8080
十二月 19, 2016 2:03:31 下午 org.apache.jk.common.ChannelSocket init
INFO: JK: ajp13 listening on /0.0.0.0:8009
十二月 19, 2016 2:03:31 下午 org.apache.jk.server.JkMain start
INFO: Jk running ID=0 time=0/22  config=null
十二月 19, 2016 2:03:31 下午 org.apache.catalina.startup.Catalina start
INFO: Server startup in 762 ms
十二月 19, 2016 2:07:39 下午 org.apache.coyote.http11.Http11Protocol pause
INFO: Pausing Coyote HTTP/1.1 on http-8080
十二月 19, 2016 2:07:40 下午 org.apache.catalina.core.StandardService stop
INFO: Stopping service Catalina
十二月 19, 2016 2:07:40 下午 org.apache.coyote.http11.Http11Protocol destroy
INFO: Stopping Coyote HTTP/1.1 on http-8080
