八月 25, 2016 3:52:52 下午 org.apache.catalina.core.AprLifecycleListener init
INFO: The APR based Apache Tomcat Native library which allows optimal performance in production environments was not found on the java.library.path: D:\Software\CodingSoftware\软件安装处\develop\jdk1.7.0_17\bin;C:\WINDOWS\Sun\Java\bin;C:\WINDOWS\system32;C:\WINDOWS;C:\PROGRAM FILES (X86)\INTEL\ICLS CLIENT\;C:\PROGRAM FILES\INTEL\ICLS CLIENT\;D:\Software\CodingSoftware\软件安装处\develop\jdk1.7.0_17\bin;C:\WINDOWS\SYSTEM32;C:\WINDOWS;C:\WINDOWS\SYSTEM32\WBEM;C:\WINDOWS\SYSTEM32\WINDOWSPOWERSHELL\V1.0\;C:\PROGRAM FILES (X86)\ATI TECHNOLOGIES\ATI.ACE\CORE-STATIC;C:\PROGRAM FILES\INTEL\INTEL(R) MANAGEMENT ENGINE COMPONENTS\DAL;C:\PROGRAM FILES\INTEL\INTEL(R) MANAGEMENT ENGINE COMPONENTS\IPT;C:\PROGRAM FILES (X86)\INTEL\INTEL(R) MANAGEMENT ENGINE COMPONENTS\DAL;C:\PROGRAM FILES (X86)\INTEL\INTEL(R) MANAGEMENT ENGINE COMPONENTS\IPT;C:\Program Files (x86)\Windows Kits\8.1\Windows Performance Toolkit\;C:\Program Files (x86)\Microsoft SDKs\TypeScript\1.0\;C:\Program Files\Microsoft SQL Server\120\Tools\Binn\;C:\Program Files (x86)\GtkSharp\2.12\bin;C:\WINDOWS\system32;C:\WINDOWS;C:\WINDOWS\System32\Wbem;C:\WINDOWS\System32\WindowsPowerShell\v1.0\;C:\Program Files (x86)\ATI Technologies\ATI.ACE\Core-Static;C:\Program Files\Lenovo\Bluetooth Software\;C:\Program Files\Lenovo\Bluetooth Software\syswow64;C:\Program Files (x86)\Microsoft SQL Server\110\DTS\Binn\;C:\Program Files (x86)\Microsoft SQL Server\110\Tools\Binn\;C:\Program Files (x86)\Microsoft SQL Server\110\Tools\Binn\ManagementStudio\;C:\Program Files (x86)\Microsoft Visual Studio 10.0\Common7\IDE\PrivateAssemblies\;D:\Software\CodingSoftware\mysql\bin;.
八月 25, 2016 3:52:53 下午 org.apache.coyote.http11.Http11Protocol init
INFO: Initializing Coyote HTTP/1.1 on http-8080
八月 25, 2016 3:52:53 下午 org.apache.catalina.startup.Catalina load
INFO: Initialization processed in 879 ms
八月 25, 2016 3:52:53 下午 org.apache.catalina.core.StandardService start
INFO: Starting service Catalina
八月 25, 2016 3:52:53 下午 org.apache.catalina.core.StandardEngine start
INFO: Starting Servlet Engine: Apache Tomcat/6.0.39
八月 25, 2016 3:52:53 下午 org.apache.catalina.startup.HostConfig deployDescriptor
INFO: Deploying configuration descriptor host-manager.xml
八月 25, 2016 3:52:54 下午 org.apache.catalina.startup.HostConfig deployDescriptor
INFO: Deploying configuration descriptor manager.xml
八月 25, 2016 3:52:54 下午 org.apache.catalina.startup.HostConfig deployDirectory
INFO: Deploying web application directory day08_web
八月 25, 2016 3:52:54 下午 org.apache.catalina.startup.HostConfig deployDirectory
INFO: Deploying web application directory docs
八月 25, 2016 3:52:54 下午 org.apache.catalina.startup.HostConfig deployDirectory
INFO: Deploying web application directory examples
八月 25, 2016 3:52:55 下午 org.apache.catalina.startup.HostConfig deployDirectory
INFO: Deploying web application directory myapp
八月 25, 2016 3:52:55 下午 org.apache.catalina.startup.HostConfig deployDirectory
INFO: Deploying web application directory ROOT
八月 25, 2016 3:52:55 下午 org.apache.coyote.http11.Http11Protocol start
INFO: Starting Coyote HTTP/1.1 on http-8080
八月 25, 2016 3:52:55 下午 org.apache.jk.common.ChannelSocket init
INFO: JK: ajp13 listening on /0.0.0.0:8009
八月 25, 2016 3:52:55 下午 org.apache.jk.server.JkMain start
INFO: Jk running ID=0 time=0/102  config=null
八月 25, 2016 3:52:55 下午 org.apache.catalina.startup.Catalina start
INFO: Server startup in 2230 ms
八月 25, 2016 5:05:35 下午 org.apache.coyote.http11.Http11Protocol pause
INFO: Pausing Coyote HTTP/1.1 on http-8080
八月 25, 2016 5:05:36 下午 org.apache.catalina.core.StandardService stop
INFO: Stopping service Catalina
八月 25, 2016 5:05:36 下午 org.apache.coyote.http11.Http11Protocol destroy
INFO: Stopping Coyote HTTP/1.1 on http-8080
