八月 24, 2016 12:09:42 上午 org.apache.catalina.core.ApplicationContext log
INFO: ContextListener: contextInitialized()
八月 24, 2016 12:09:42 上午 org.apache.catalina.core.ApplicationContext log
INFO: SessionListener: contextInitialized()
八月 24, 2016 12:09:43 上午 org.apache.catalina.core.ApplicationContext log
INFO: SessionListener: contextDestroyed()
八月 24, 2016 12:09:43 上午 org.apache.catalina.core.ApplicationContext log
INFO: ContextListener: contextDestroyed()
八月 24, 2016 12:09:50 上午 org.apache.catalina.core.ApplicationContext log
INFO: ContextListener: contextInitialized()
八月 24, 2016 12:09:50 上午 org.apache.catalina.core.ApplicationContext log
INFO: SessionListener: contextInitialized()
八月 24, 2016 12:09:51 上午 org.apache.catalina.core.ApplicationContext log
INFO: SessionListener: contextDestroyed()
八月 24, 2016 12:09:51 上午 org.apache.catalina.core.ApplicationContext log
INFO: ContextListener: contextDestroyed()
八月 24, 2016 12:10:02 上午 org.apache.catalina.core.ApplicationContext log
INFO: ContextListener: contextInitialized()
八月 24, 2016 12:10:02 上午 org.apache.catalina.core.ApplicationContext log
INFO: SessionListener: contextInitialized()
八月 24, 2016 12:10:03 上午 org.apache.catalina.core.ApplicationContext log
INFO: SessionListener: contextDestroyed()
八月 24, 2016 12:10:03 上午 org.apache.catalina.core.ApplicationContext log
INFO: ContextListener: contextDestroyed()
八月 24, 2016 12:13:28 上午 org.apache.catalina.core.ApplicationContext log
INFO: ContextListener: contextInitialized()
八月 24, 2016 12:13:28 上午 org.apache.catalina.core.ApplicationContext log
INFO: SessionListener: contextInitialized()
八月 24, 2016 12:13:30 上午 org.apache.catalina.core.ApplicationContext log
INFO: SessionListener: contextDestroyed()
八月 24, 2016 12:13:30 上午 org.apache.catalina.core.ApplicationContext log
INFO: ContextListener: contextDestroyed()
八月 24, 2016 12:14:58 上午 org.apache.catalina.core.ApplicationContext log
INFO: ContextListener: contextInitialized()
八月 24, 2016 12:14:58 上午 org.apache.catalina.core.ApplicationContext log
INFO: SessionListener: contextInitialized()
八月 24, 2016 12:15:54 上午 org.apache.catalina.core.ApplicationContext log
INFO: Marking servlet HelloServlet as unavailable
八月 24, 2016 12:15:54 上午 org.apache.catalina.core.ApplicationContext log
SEVERE: Error loading WebappClassLoader
  context: /Myweb
  delegate: false
  repositories:
    /WEB-INF/classes/
----------> Parent Classloader:
org.apache.catalina.loader.StandardClassLoader@25cf850b
 gz.itcast.HelloServlet
java.lang.ClassNotFoundException: gz.itcast.HelloServlet
	at org.apache.catalina.loader.WebappClassLoader.loadClass(WebappClassLoader.java:1680)
	at org.apache.catalina.loader.WebappClassLoader.loadClass(WebappClassLoader.java:1526)
	at org.apache.catalina.core.StandardWrapper.loadServlet(StandardWrapper.java:1128)
	at org.apache.catalina.core.StandardWrapper.allocate(StandardWrapper.java:827)
	at org.apache.catalina.core.StandardWrapperValve.invoke(StandardWrapperValve.java:129)
	at org.apache.catalina.core.StandardContextValve.invoke(StandardContextValve.java:191)
	at org.apache.catalina.core.StandardHostValve.invoke(StandardHostValve.java:127)
	at org.apache.catalina.valves.ErrorReportValve.invoke(ErrorReportValve.java:103)
	at org.apache.catalina.core.StandardEngineValve.invoke(StandardEngineValve.java:109)
	at org.apache.catalina.connector.CoyoteAdapter.service(CoyoteAdapter.java:293)
	at org.apache.coyote.http11.Http11Processor.process(Http11Processor.java:861)
	at org.apache.coyote.http11.Http11Protocol$Http11ConnectionHandler.process(Http11Protocol.java:606)
	at org.apache.tomcat.util.net.JIoEndpoint$Worker.run(JIoEndpoint.java:489)
	at java.lang.Thread.run(Thread.java:722)

八月 24, 2016 12:15:54 上午 org.apache.catalina.core.StandardWrapperValve invoke
SEVERE: Allocate exception for servlet HelloServlet
java.lang.ClassNotFoundException: gz.itcast.HelloServlet
	at org.apache.catalina.loader.WebappClassLoader.loadClass(WebappClassLoader.java:1680)
	at org.apache.catalina.loader.WebappClassLoader.loadClass(WebappClassLoader.java:1526)
	at org.apache.catalina.core.StandardWrapper.loadServlet(StandardWrapper.java:1128)
	at org.apache.catalina.core.StandardWrapper.allocate(StandardWrapper.java:827)
	at org.apache.catalina.core.StandardWrapperValve.invoke(StandardWrapperValve.java:129)
	at org.apache.catalina.core.StandardContextValve.invoke(StandardContextValve.java:191)
	at org.apache.catalina.core.StandardHostValve.invoke(StandardHostValve.java:127)
	at org.apache.catalina.valves.ErrorReportValve.invoke(ErrorReportValve.java:103)
	at org.apache.catalina.core.StandardEngineValve.invoke(StandardEngineValve.java:109)
	at org.apache.catalina.connector.CoyoteAdapter.service(CoyoteAdapter.java:293)
	at org.apache.coyote.http11.Http11Processor.process(Http11Processor.java:861)
	at org.apache.coyote.http11.Http11Protocol$Http11ConnectionHandler.process(Http11Protocol.java:606)
	at org.apache.tomcat.util.net.JIoEndpoint$Worker.run(JIoEndpoint.java:489)
	at java.lang.Thread.run(Thread.java:722)

