八月 23, 2016 12:49:53 下午 org.apache.catalina.core.ApplicationContext log
INFO: ContextListener: contextInitialized()
八月 23, 2016 12:49:53 下午 org.apache.catalina.core.ApplicationContext log
INFO: SessionListener: contextInitialized()
八月 23, 2016 6:47:47 下午 org.apache.catalina.core.ApplicationContext log
INFO: ContextListener: contextInitialized()
八月 23, 2016 6:47:47 下午 org.apache.catalina.core.ApplicationContext log
INFO: SessionListener: contextInitialized()
八月 23, 2016 6:51:15 下午 org.apache.catalina.core.ApplicationContext log
INFO: ContextListener: contextInitialized()
八月 23, 2016 6:51:15 下午 org.apache.catalina.core.ApplicationContext log
INFO: SessionListener: contextInitialized()
八月 23, 2016 6:51:17 下午 org.apache.catalina.core.ApplicationContext log
INFO: SessionListener: contextDestroyed()
八月 23, 2016 6:51:17 下午 org.apache.catalina.core.ApplicationContext log
INFO: ContextListener: contextDestroyed()
八月 23, 2016 7:03:52 下午 org.apache.catalina.core.ApplicationContext log
INFO: SessionListener: contextDestroyed()
八月 23, 2016 7:03:52 下午 org.apache.catalina.core.ApplicationContext log
INFO: ContextListener: contextDestroyed()
八月 23, 2016 7:11:09 下午 org.apache.catalina.core.ApplicationContext log
INFO: ContextListener: contextInitialized()
八月 23, 2016 7:11:09 下午 org.apache.catalina.core.ApplicationContext log
INFO: SessionListener: contextInitialized()
八月 23, 2016 7:21:37 下午 org.apache.catalina.core.ApplicationContext log
INFO: SessionListener: contextDestroyed()
八月 23, 2016 7:21:37 下午 org.apache.catalina.core.ApplicationContext log
INFO: ContextListener: contextDestroyed()
八月 23, 2016 7:22:01 下午 org.apache.catalina.core.ApplicationContext log
INFO: ContextListener: contextInitialized()
八月 23, 2016 7:22:01 下午 org.apache.catalina.core.ApplicationContext log
INFO: SessionListener: contextInitialized()
八月 23, 2016 7:26:00 下午 org.apache.catalina.core.ApplicationContext log
INFO: ContextListener: contextInitialized()
八月 23, 2016 7:26:00 下午 org.apache.catalina.core.ApplicationContext log
INFO: SessionListener: contextInitialized()
八月 23, 2016 7:55:28 下午 org.apache.catalina.core.ApplicationContext log
INFO: SessionListener: contextDestroyed()
八月 23, 2016 7:55:28 下午 org.apache.catalina.core.ApplicationContext log
INFO: ContextListener: contextDestroyed()
八月 23, 2016 7:55:31 下午 org.apache.catalina.core.ApplicationContext log
INFO: ContextListener: contextInitialized()
八月 23, 2016 7:55:31 下午 org.apache.catalina.core.ApplicationContext log
INFO: SessionListener: contextInitialized()
八月 23, 2016 7:57:20 下午 org.apache.catalina.core.ApplicationContext log
INFO: SessionListener: contextDestroyed()
八月 23, 2016 7:57:20 下午 org.apache.catalina.core.ApplicationContext log
INFO: ContextListener: contextDestroyed()
八月 23, 2016 7:57:23 下午 org.apache.catalina.core.ApplicationContext log
INFO: ContextListener: contextInitialized()
八月 23, 2016 7:57:23 下午 org.apache.catalina.core.ApplicationContext log
INFO: SessionListener: contextInitialized()
八月 23, 2016 8:11:20 下午 org.apache.catalina.core.ApplicationContext log
INFO: ContextListener: contextInitialized()
八月 23, 2016 8:11:20 下午 org.apache.catalina.core.ApplicationContext log
INFO: SessionListener: contextInitialized()
八月 23, 2016 8:25:06 下午 org.apache.catalina.core.ApplicationContext log
INFO: ContextListener: contextInitialized()
八月 23, 2016 8:25:06 下午 org.apache.catalina.core.ApplicationContext log
INFO: SessionListener: contextInitialized()
八月 23, 2016 8:28:14 下午 org.apache.catalina.core.ApplicationContext log
INFO: ContextListener: contextInitialized()
八月 23, 2016 8:28:14 下午 org.apache.catalina.core.ApplicationContext log
INFO: SessionListener: contextInitialized()
八月 23, 2016 9:25:06 下午 org.apache.catalina.core.ApplicationContext log
INFO: ContextListener: contextInitialized()
八月 23, 2016 9:25:06 下午 org.apache.catalina.core.ApplicationContext log
INFO: SessionListener: contextInitialized()
八月 23, 2016 9:28:14 下午 org.apache.catalina.core.ApplicationContext log
INFO: ContextListener: contextInitialized()
八月 23, 2016 9:28:14 下午 org.apache.catalina.core.ApplicationContext log
INFO: SessionListener: contextInitialized()
八月 23, 2016 11:17:28 下午 org.apache.catalina.core.ApplicationContext log
INFO: ContextListener: contextInitialized()
八月 23, 2016 11:17:28 下午 org.apache.catalina.core.ApplicationContext log
INFO: SessionListener: contextInitialized()
